<?xml version="1.0" encoding="UTF-8"?>
<!-- Generated by org.testng.reporters.JUnitReportReporter -->
<testsuite hostname="DESKTOP-L8P3AKT" failures="0" tests="3" name="com.test.TestNgProject" time="0.023" errors="0" timestamp="2022-06-27T19:15:30 IST" skipped="0">
  <testcase classname="com.test.TestNgProject" name="googlelogotest" time="0.002"/>
  <system-out/>
  <testcase classname="com.test.TestNgProject" name="googletitletest" time="0.002"/>
  <system-out/>
  <testcase classname="com.test.TestNgProject" name="searchtext" time="0.019"/>
  <system-out/>
</testsuite> <!-- com.test.TestNgProject -->
