<?xml version="1.0" encoding="UTF-8"?>
<!-- Generated by org.testng.reporters.JUnitReportReporter -->
<testsuite hostname="DESKTOP-L8P3AKT" failures="0" tests="8" name="com.test.GoogleTest" time="81.443" errors="0" timestamp="2022-06-27T19:15:30 IST" skipped="0">
  <testcase classname="com.test.GoogleTest" name="googletitletest" time="8.431"/>
  <system-out/>
  <testcase classname="com.test.GoogleTest" name="mno" time="9.649"/>
  <system-out/>
  <testcase classname="com.test.GoogleTest" name="maillinktest" time="9.885"/>
  <system-out/>
  <testcase classname="com.test.GoogleTest" name="googlelogotest" time="8.893"/>
  <system-out/>
  <testcase classname="com.test.GoogleTest" name="def" time="12.957"/>
  <system-out/>
  <testcase classname="com.test.GoogleTest" name="abc" time="8.909"/>
  <system-out/>
  <testcase classname="com.test.GoogleTest" name="jkl" time="13.334"/>
  <system-out/>
  <testcase classname="com.test.GoogleTest" name="ghi" time="9.385"/>
  <system-out/>
</testsuite> <!-- com.test.GoogleTest -->
